<?xml version="1.0" encoding="UTF-8"?>
<!-- Generated by org.testng.reporters.JUnitReportReporter -->
<testsuite hostname="users-MacBook-Pro.local" failures="0" tests="2" name="Appium_Dandytech.AppiumTest.MobileBrowserTest" time="5.673" errors="1" timestamp="2024-07-07T15:04:08 WAT" skipped="1">
  <testcase classname="Appium_Dandytech.AppiumTest.MobileBrowserTest" name="ConfigureAppium" time="5.673">
    <error message="Could not start a new session. Response code 500. Message: An unknown server-side error occurred while processing the command. Original error: An unknown server-side error occurred while processing the command. Original error: unknown error: Failed to start com.android.chrome on device emulator-5554: Starting: Intent { dat=data: cmp=com.android.chrome/com.google.android.apps.chrome.Main }
Error type 3
Error: Activity class {com.android.chrome/com.google.android.apps.chrome.Main} does not exist.
 
Host info: host: &#039;users-MacBook-Pro.local&#039;, ip: &#039;fe80:0:0:0:10a1:4ae8:64d3:d5b4%en0&#039;
Build info: version: &#039;4.22.0&#039;, revision: &#039;c5f3146703*&#039;
System info: os.name: &#039;Mac OS X&#039;, os.arch: &#039;x86_64&#039;, os.version: &#039;12.7.5&#039;, java.version: &#039;19.0.1&#039;
Driver info: io.appium.java_client.android.AndroidDriver
Command: [null, newSession {capabilities=[Capabilities {appium:automationName: UIAutomator2, appium:chromedriverExecutable: //Users//user//eclipse-work..., appium:deviceName: Nexus 6P API 33, browserName: Chrome, platformName: ANDROID}]}]
Capabilities {appium:automationName: UIAutomator2, appium:chromedriverExecutable: //Users//user//eclipse-work..., appium:deviceName: Nexus 6P API 33, browserName: Chrome, platformName: ANDROID}" type="org.openqa.selenium.SessionNotCreatedException">
      <![CDATA[org.openqa.selenium.SessionNotCreatedException: Could not start a new session. Response code 500. Message: An unknown server-side error occurred while processing the command. Original error: An unknown server-side error occurred while processing the command. Original error: unknown error: Failed to start com.android.chrome on device emulator-5554: Starting: Intent { dat=data: cmp=com.android.chrome/com.google.android.apps.chrome.Main }
Error type 3
Error: Activity class {com.android.chrome/com.google.android.apps.chrome.Main} does not exist.
 
Host info: host: 'users-MacBook-Pro.local', ip: 'fe80:0:0:0:10a1:4ae8:64d3:d5b4%en0'
Build info: version: '4.22.0', revision: 'c5f3146703*'
System info: os.name: 'Mac OS X', os.arch: 'x86_64', os.version: '12.7.5', java.version: '19.0.1'
Driver info: io.appium.java_client.android.AndroidDriver
Command: [null, newSession {capabilities=[Capabilities {appium:automationName: UIAutomator2, appium:chromedriverExecutable: //Users//user//eclipse-work..., appium:deviceName: Nexus 6P API 33, browserName: Chrome, platformName: ANDROID}]}]
Capabilities {appium:automationName: UIAutomator2, appium:chromedriverExecutable: //Users//user//eclipse-work..., appium:deviceName: Nexus 6P API 33, browserName: Chrome, platformName: ANDROID}
at org.openqa.selenium.remote.ProtocolHandshake.createSession(ProtocolHandshake.java:114)
at org.openqa.selenium.remote.ProtocolHandshake.createSession(ProtocolHandshake.java:75)
at org.openqa.selenium.remote.ProtocolHandshake.createSession(ProtocolHandshake.java:61)
at io.appium.java_client.remote.AppiumCommandExecutor.createSession(AppiumCommandExecutor.java:176)
at io.appium.java_client.remote.AppiumCommandExecutor.execute(AppiumCommandExecutor.java:237)
at org.openqa.selenium.remote.RemoteWebDriver.execute(RemoteWebDriver.java:518)
at io.appium.java_client.AppiumDriver.startSession(AppiumDriver.java:270)
at org.openqa.selenium.remote.RemoteWebDriver.<init>(RemoteWebDriver.java:161)
at io.appium.java_client.AppiumDriver.<init>(AppiumDriver.java:91)
at io.appium.java_client.AppiumDriver.<init>(AppiumDriver.java:103)
at io.appium.java_client.android.AndroidDriver.<init>(AndroidDriver.java:109)
at Appium_Dandytech.AppiumTest.Browser_BaseTest.ConfigureAppium(Browser_BaseTest.java:43)
at java.base/jdk.internal.reflect.DirectMethodHandleAccessor.invoke(DirectMethodHandleAccessor.java:104)
at java.base/java.lang.reflect.Method.invoke(Method.java:578)
at org.testng.internal.invokers.MethodInvocationHelper.invokeMethod(MethodInvocationHelper.java:141)
at org.testng.internal.invokers.MethodInvocationHelper.invokeMethodConsideringTimeout(MethodInvocationHelper.java:71)
at org.testng.internal.invokers.ConfigInvoker.invokeConfigurationMethod(ConfigInvoker.java:400)
at org.testng.internal.invokers.ConfigInvoker.invokeConfigurations(ConfigInvoker.java:333)
at org.testng.internal.invokers.TestMethodWorker.invokeBeforeClassMethods(TestMethodWorker.java:188)
at org.testng.internal.invokers.TestMethodWorker.run(TestMethodWorker.java:128)
at java.base/java.util.ArrayList.forEach(ArrayList.java:1511)
at org.testng.TestRunner.privateRun(TestRunner.java:739)
at org.testng.TestRunner.run(TestRunner.java:614)
at org.testng.SuiteRunner.runTest(SuiteRunner.java:421)
at org.testng.SuiteRunner.runSequentially(SuiteRunner.java:413)
at org.testng.SuiteRunner.privateRun(SuiteRunner.java:373)
at org.testng.SuiteRunner.run(SuiteRunner.java:312)
at org.testng.SuiteRunnerWorker.runSuite(SuiteRunnerWorker.java:52)
at org.testng.SuiteRunnerWorker.run(SuiteRunnerWorker.java:95)
at org.testng.TestNG.runSuitesSequentially(TestNG.java:1274)
at org.testng.TestNG.runSuitesLocally(TestNG.java:1208)
at org.testng.TestNG.runSuites(TestNG.java:1112)
at org.testng.TestNG.run(TestNG.java:1079)
at org.testng.remote.AbstractRemoteTestNG.run(AbstractRemoteTestNG.java:115)
at org.testng.remote.RemoteTestNG.initAndRun(RemoteTestNG.java:293)
at org.testng.remote.RemoteTestNG.main(RemoteTestNG.java:91)
]]>
    </error>
  </testcase> <!-- ConfigureAppium -->
  <testcase classname="Appium_Dandytech.AppiumTest.MobileBrowserTest" name="browserTest" time="0.000">
    <skipped/>
  </testcase> <!-- browserTest -->
</testsuite> <!-- Appium_Dandytech.AppiumTest.MobileBrowserTest -->
